C51 COMPILER V9.56.0.0   CMS8S003X_TIM2                                                    05/28/2018 18:06:57 PAGE 1   


C51 COMPILER V9.56.0.0, COMPILATION OF MODULE CMS8S003X_TIM2
OBJECT MODULE PLACED IN .\Objects\cms8s003x_tim2.obj
COMPILER INVOKED BY: C:\Keil_v5\C51\BIN\C51.EXE ..\..\Libraries\CMS8S003x_StdPeriph_Driver\src\cms8s003x_tim2.c OMF2 OPT
                    -IMIZE(8,SPEED) BROWSE INCDIR(..\..\Libraries\CMS8S003x_StdPeriph_Driver\inc) DEBUG PRINT(.\Listings\cms8s003x_tim2.lst) 
                    -TABS(2) OBJECT(.\Objects\cms8s003x_tim2.obj)

line level    source

   1          /**
   2            ******************************************************************************
   3            * @file    cms8s003x_tim2.c
   4            * @author  LI WEI
   5            * @version V1.0.3
   6            * @date    04/24/2018
   7            * @brief   This file provides all the TIM1 firmware functions.
   8            ******************************************************************************
   9            * @copy
  10            *
  11            * THE PRESENT FIRMWARE WHICH IS FOR GUIDANCE ONLY AIMS AT PROVIDING CUSTOMERS
  12            * WITH CODING INFORMATION REGARDING THEIR PRODUCTS IN ORDER FOR THEM TO SAVE
  13            * TIME. AS A RESULT, CMSemicon SHALL NOT BE HELD LIABLE FOR ANY
  14            * DIRECT, INDIRECT OR CONSEQUENTIAL DAMAGES WITH RESPECT TO ANY CLAIMS ARISING
  15            * FROM THE CONTENT OF SUCH FIRMWARE AND/OR THE USE MADE BY CUSTOMERS OF THE
  16            * CODING INFORMATION CONTAINED HEREIN IN CONNECTION WITH THEIR PRODUCTS.
  17            *
  18            * <h2><center>&copy; COPYRIGHT 2018 CMSemicon</center></h2>
  19            */
  20          
  21          /* Includes ------------------------------------------------------------------*/
  22          #include "cms8s003x_tim2.h"
  23          
  24          /** @addtogroup CMS8S003x_StdPeriph_Driver
  25            * @{
  26            */
  27          
  28          /* Private typedef -----------------------------------------------------------*/
  29          /* Private define ------------------------------------------------------------*/
  30          /* Private macro -------------------------------------------------------------*/
  31          /* Private variables ---------------------------------------------------------*/
  32          /* Private function prototypes -----------------------------------------------*/
  33          
  34          /**
  35            * @addtogroup TIM2_Public_Functions
  36            * @{
  37            */
  38          
  39          /**
  40            * @brief  Deinitializes the TIM0 peripheral registers to their default reset values.
  41            * @param  None
  42            * @retval None
  43            */
  44          void TIM2_DeInit(void)
  45          {
  46   1        T2CON &= 0x00; /* clear T2 control register reset value */
  47   1      }
  48          
  49          void TIM2_TimeBaseInit(TIM2_Init_TypeDef* TIM2_InitDef)
  50          {
  51   1        T2CON &= 0x00; 
  52   1        T2CON = (uint8_t)(TIM2_InitDef->Clock_Source) | (uint8_t)((TIM2_InitDef->Clock_Prescaler) << 7) | (uint8_
             -t)((TIM2_InitDef->Reload_Mode) >> 3);
C51 COMPILER V9.56.0.0   CMS8S003X_TIM2                                                    05/28/2018 18:06:57 PAGE 2   

  53   1        
  54   1        TH2 = ((TIM2_InitDef->Init_Value) >> 8)&0xFF;
  55   1        TL2 = (TIM2_InitDef->Init_Value)&0xFF;
  56   1      }
  57          
  58          void TIM2_Cmd(FunctionalState NewState)
  59          {
  60   1      
  61   1      }
*** WARNING C280 IN LINE 58 OF ..\..\Libraries\CMS8S003x_StdPeriph_Driver\src\cms8s003x_tim2.c: 'NewState': unreferenced
             - local variable
  62          
  63          void TIM2_ITConfig(TIM2_IT_Mask_TypeDef TIM2_Mask, TIM2_PRIORITY_TypeDef TIM2_Priority, FunctionalState Ne
             -wState)
  64          {
  65   1        /*Set Timer2*/
  66   1        IE &= ~0x20;
  67   1        IE |= TIM2_Mask;
  68   1        
  69   1        
  70   1      }
*** WARNING C280 IN LINE 63 OF ..\..\Libraries\CMS8S003x_StdPeriph_Driver\src\cms8s003x_tim2.c: 'TIM2_Priority': unrefer
             -enced local variable
*** WARNING C280 IN LINE 63 OF ..\..\Libraries\CMS8S003x_StdPeriph_Driver\src\cms8s003x_tim2.c: 'NewState': unreferenced
             - local variable
  71          
  72          FlagStatus TIM2_GetFlagStatus(TIM2_FLAG_TypeDef TIM2_FLAG)
  73          {
  74   1      
  75   1      }
*** WARNING C173 IN LINE 75 OF ..\..\Libraries\CMS8S003x_StdPeriph_Driver\src\cms8s003x_tim2.c: missing return-expressio
             -n
*** WARNING C280 IN LINE 72 OF ..\..\Libraries\CMS8S003x_StdPeriph_Driver\src\cms8s003x_tim2.c: 'TIM2_FLAG': unreference
             -d local variable
  76          
  77          void TIM2_ClearFlag(TIM2_FLAG_TypeDef TIM2_FLAG)
  78          {
  79   1      
  80   1      }
*** WARNING C280 IN LINE 77 OF ..\..\Libraries\CMS8S003x_StdPeriph_Driver\src\cms8s003x_tim2.c: 'TIM2_FLAG': unreference
             -d local variable
  81          
  82          ITStatus TIM2_GetITStatus(TIM2_IT_FLAG_TypeDef TIM2_IT)
  83          {
  84   1      
  85   1      }
*** WARNING C173 IN LINE 85 OF ..\..\Libraries\CMS8S003x_StdPeriph_Driver\src\cms8s003x_tim2.c: missing return-expressio
             -n
*** WARNING C280 IN LINE 82 OF ..\..\Libraries\CMS8S003x_StdPeriph_Driver\src\cms8s003x_tim2.c: 'TIM2_IT': unreferenced 
             -local variable
  86          
  87          void TIM2_ClearITPendingBit(TIM2_IT_FLAG_TypeDef TIM2_IT)
  88          {
  89   1      
  90   1      }
*** WARNING C280 IN LINE 87 OF ..\..\Libraries\CMS8S003x_StdPeriph_Driver\src\cms8s003x_tim2.c: 'TIM2_IT': unreferenced 
             -local variable
  91          
  92          /**
  93            * @}
  94            */
  95          
C51 COMPILER V9.56.0.0   CMS8S003X_TIM2                                                    05/28/2018 18:06:57 PAGE 3   

  96          /**
  97            * @}
  98            */
  99          
 100          /************************************ (C) COPYRIGHT 2018 CMSemicon *****END OF FILE****/
*** WARNING C290 IN LINE 75 OF ..\..\Libraries\CMS8S003x_StdPeriph_Driver\src\cms8s003x_tim2.c: missing return value
*** WARNING C290 IN LINE 85 OF ..\..\Libraries\CMS8S003x_StdPeriph_Driver\src\cms8s003x_tim2.c: missing return value


MODULE INFORMATION:   STATIC OVERLAYABLE
   CODE SIZE        =     83    ----
   CONSTANT SIZE    =   ----    ----
   XDATA SIZE       =   ----    ----
   PDATA SIZE       =   ----    ----
   DATA SIZE        =   ----       7
   IDATA SIZE       =   ----    ----
   BIT SIZE         =   ----    ----
   EDATA SIZE       =   ----    ----
   HDATA SIZE       =   ----    ----
   XDATA CONST SIZE =   ----    ----
   FAR CONST SIZE   =   ----    ----
END OF MODULE INFORMATION.


C51 COMPILATION COMPLETE.  11 WARNING(S),  0 ERROR(S)
