C51 COMPILER V9.56.0.0   CMS8S003X_ITC                                                     05/18/2018 18:04:00 PAGE 1   


C51 COMPILER V9.56.0.0, COMPILATION OF MODULE CMS8S003X_ITC
OBJECT MODULE PLACED IN .\Objects\cms8s003x_itc.obj
COMPILER INVOKED BY: C:\Keil_v5\C51\BIN\C51.EXE ..\..\Libraries\CMS8S003x_StdPeriph_Driver\src\cms8s003x_itc.c OMF2 OPTI
                    -MIZE(8,SPEED) BROWSE INCDIR(..\..\Libraries\CMS8S003x_StdPeriph_Driver\inc) DEBUG PRINT(.\Listings\cms8s003x_itc.lst) TA
                    -BS(2) OBJECT(.\Objects\cms8s003x_itc.obj)

line level    source

   1          /**
   2            ******************************************************************************
   3            * @file    cms8s003x_itc.c
   4            * @author  LI WEI
   5            * @version V1.0.3
   6            * @date    04/24/2010
   7            * @brief   This file provides all the ITC firmware functions.
   8            ******************************************************************************
   9            * @copy
  10            *
  11            * THE PRESENT FIRMWARE WHICH IS FOR GUIDANCE ONLY AIMS AT PROVIDING CUSTOMERS
  12            * WITH CODING INFORMATION REGARDING THEIR PRODUCTS IN ORDER FOR THEM TO SAVE
  13            * TIME. AS A RESULT, CMSemicon SHALL NOT BE HELD LIABLE FOR ANY
  14            * DIRECT, INDIRECT OR CONSEQUENTIAL DAMAGES WITH RESPECT TO ANY CLAIMS ARISING
  15            * FROM THE CONTENT OF SUCH FIRMWARE AND/OR THE USE MADE BY CUSTOMERS OF THE
  16            * CODING INFORMATION CONTAINED HEREIN IN CONNECTION WITH THEIR PRODUCTS.
  17            *
  18            * <h2><center>&copy; COPYRIGHT 2018 CMSemicon</center></h2>
  19            */
  20          
  21          /* Includes ------------------------------------------------------------------*/
  22          #include "cms8s003x_itc.h"
  23          
  24          #include "cms8s003x_spi.h"
  25          #include "cms8s003x_tim01.h"
  26          
  27          /** @addtogroup CMS8S003x_StdPeriph_Driver
  28            * @{
  29            */
  30          
  31          /* Private typedef -----------------------------------------------------------*/
  32          /* Private define ------------------------------------------------------------*/
  33          /* Private macro -------------------------------------------------------------*/
  34          /* Private variables ---------------------------------------------------------*/
  35          /* Private function prototypes -----------------------------------------------*/
  36          /* Private functions ---------------------------------------------------------*/
  37          
  38          /** @addtogroup ITC_Private_Functions
  39            * @{
  40            */
  41          
  42          
  43          
  44          /**
  45            * @}
  46            */
  47          
  48          /** @addtogroup ITC_Public_Functions
  49            * @{
  50            */
  51          
  52          /**
  53            * @brief  Deinitializes the ITC registers to their default reset value.
C51 COMPILER V9.56.0.0   CMS8S003X_ITC                                                     05/18/2018 18:04:00 PAGE 2   

  54            * @param  None
  55            * @retval None
  56           */
  57          void ITC_DeInit(void)
  58          {
  59   1      
  60   1      }
  61          
  62          //unsigned int times = 0;   
  63          void SPI_ISR() interrupt 22
  64          {
  65   1        FlagStatus status = 0;
  66   1        ITStatus  itS = 0;
  67   1        if(SPI_GetFlagStatus(Peripheral_SPI_Interrupt)) //SPI总中断指示位  清除具体的中断标志位后 此位自动清除
  68   1        {
  69   2          if(SPI_GetITStatus(SPI_FLAG_SPISIF))        //SPI传输完毕中断标志位 先读SPSR 再度写SPDR后清0
  70   2          {
  71   3             /*if(times<5)
  72   3             {
  73   3               Master_Received[times] = SPI_ReceiveData();
  74   3              
  75   3               if(times < 4)
  76   3                 SPI_SendData(0x40);
  77   3             }
  78   3             times++;*/
  79   3          }
  80   2          else if(SPI_GetITStatus(SPI_FLAG_WCOL))   //SPI 写冲突中断标志位 先读SPSR 再读写SPDR后清0
  81   2          {
  82   3      
  83   3          }
  84   2          else if(SPI_GetITStatus(SPI_FLAG_MODF))   //SPI模式错误中断标志 先读SPSR 再读写SPCR后清0
  85   2          {
  86   3          }
  87   2        }
  88   1      }
  89          
  90          
  91          void timer0_int (void) interrupt 1
  92          {
  93   1        uint32_t counter = 0;
  94   1        if(TIM0_GetITStatus())
  95   1        {
  96   2          counter = TIM0_GetCounter();
  97   2        }
  98   1        TIM0_ClearITPendingBit();
  99   1      }
 100          
 101          
 102          
 103          /**
 104            * @}
 105            */
 106          
 107          /**
 108            * @}
 109            */
 110          
 111          /******************* (C) COPYRIGHT 2018 CMSemicon *****END OF FILE****/


MODULE INFORMATION:   STATIC OVERLAYABLE
   CODE SIZE        =    187    ----
C51 COMPILER V9.56.0.0   CMS8S003X_ITC                                                     05/18/2018 18:04:00 PAGE 3   

   CONSTANT SIZE    =   ----    ----
   XDATA SIZE       =   ----    ----
   PDATA SIZE       =   ----    ----
   DATA SIZE        =   ----       6
   IDATA SIZE       =   ----    ----
   BIT SIZE         =   ----    ----
   EDATA SIZE       =   ----    ----
   HDATA SIZE       =   ----    ----
   XDATA CONST SIZE =   ----    ----
   FAR CONST SIZE   =   ----    ----
END OF MODULE INFORMATION.


C51 COMPILATION COMPLETE.  0 WARNING(S),  0 ERROR(S)
